<?xml version="1.0" encoding="UTF-8"?>
<testsuite xmlns:xsi="http://www.w3.org/2001/XMLSchema-instance" xsi:noNamespaceSchemaLocation="https://maven.apache.org/surefire/maven-surefire-plugin/xsd/surefire-test-report-3.0.xsd" version="3.0" name="TestSuite" time="19.877" tests="7" errors="0" skipped="0" failures="3">
  <properties>
[...]
</properties>
  <testcase name="login_TestCase" classname="com.pack.ParallelTest" time="0.079">
    <failure type="java.lang.NullPointerException"><![CDATA[java.lang.NullPointerException
	at com.pack.ParallelTest.login_TestCase(ParallelTest.java:46)
]]></failure>
    <system-out><![CDATA[java.net.ConnectException: Failed to connect to localhost/0:0:0:0:0:0:0:1:26348
Build info: version: '3.141.59', revision: 'e82be7d358', time: '2018-11-14T08:17:03'
System info: host: 'IQA_MAYANKPARAS', ip: '192.168.1.100', os.name: 'Windows 10', os.arch: 'amd64', os.version: '10.0', java.version: '1.8.0_221'
Driver info: driver.version: InternetExplorerDriver
]]></system-out>
    <system-err><![CDATA[Starting ChromeDriver 80.0.3987.106 (f68069574609230cf9b635cd784cfb1bf81bb53a-refs/branch-heads/3987@{#882}) on port 32824
Only local connections are allowed.
Please protect ports used by ChromeDriver and related test frameworks to prevent access by malicious code.
Started InternetExplorerDriver server (64-bit)
3.9.0.0
Listening on port 26348
Only local connections are allowed
1586789458787	mozrunner::runner	INFO	Running command: "C:\\Program Files\\Mozilla Firefox\\firefox.exe" "-marionette" "-foreground" "-no-remote" "-profile" "C:\\Users\\Impactqa\\AppData\\Local\\Temp\\rust_mozprofileHzdj0C"
1586789461219	addons.webextension.doh-rollout@mozilla.org	WARN	Loading extension 'doh-rollout@mozilla.org': Reading manifest: Invalid extension permission: networkStatus
1586789461859	addons.webextension.screenshots@mozilla.org	WARN	Loading extension 'screenshots@mozilla.org': Reading manifest: Invalid extension permission: mozillaAddons
1586789461860	addons.webextension.screenshots@mozilla.org	WARN	Loading extension 'screenshots@mozilla.org': Reading manifest: Invalid extension permission: telemetry
1586789461860	addons.webextension.screenshots@mozilla.org	WARN	Loading extension 'screenshots@mozilla.org': Reading manifest: Invalid extension permission: resource://pdf.js/
1586789461860	addons.webextension.screenshots@mozilla.org	WARN	Loading extension 'screenshots@mozilla.org': Reading manifest: Invalid extension permission: about:reader*
[1586789462.831][WARNING]: Timed out connecting to Chrome, retrying...
JavaScript error: resource://gre/modules/XULStore.jsm, line 66: Error: Can't find profile directory.
1586789464905	MarApr 13, 2020 8:21:04 PM org.openqa.selenium.remote.ProtocolHandshake createSession
INFO: Detected dialect: W3C
ionette	INFO	Listening on port 15959
1586789465095	Marionette	WARN	TLS certificate errors will be ignored for this session
Apr 13, 2020 8:21:05 PM org.openqa.selenium.remote.ProtocolHandshake createSession
INFO: Detected dialect: W3C
]]></system-err>
  </testcase>
  <testcase name="login_TestCase" classname="com.pack.ParallelTest" time="3.456"/>
  <testcase name="login_TestCase" classname="com.pack.ParallelTest" time="1.215"/>
  <testcase name="search_TestCase" classname="com.pack.ParallelTest" time="0">
    <failure type="java.lang.NullPointerException"><![CDATA[java.lang.NullPointerException
	at com.pack.ParallelTest.search_TestCase(ParallelTest.java:52)
]]></failure>
  </testcase>
  <testcase name="search_TestCase" classname="com.pack.ParallelTest" time="0.503"/>
  <testcase name="search_TestCase" classname="com.pack.ParallelTest" time="1.942"/>
  <testcase name="closeBrowser" classname="com.pack.ParallelTest" time="0">
    <failure type="java.lang.NullPointerException"><![CDATA[java.lang.NullPointerException
	at com.pack.ParallelTest.closeBrowser(ParallelTest.java:58)
]]></failure>
  </testcase>
</testsuite>