<?xml version="1.0" encoding="UTF-8"?>
<!-- Generated by org.testng.reporters.JUnitXMLReporter -->
<testsuite hostname="IQA_MayankParashar" ignored="0" name="Firefox Test" tests="6" failures="2" timestamp="2020-04-14T06:52:48 IST" time="15.067" errors="0">
  <testcase name="@AfterTest closeBrowser" time="0.001" classname="com.pack.ParallelTest">
    <failure type="java.lang.NullPointerException">
      <![CDATA[java.lang.NullPointerException
at com.pack.ParallelTest.closeBrowser(ParallelTest.java:71)
at java.util.concurrent.FutureTask.run(FutureTask.java:266)
at java.util.concurrent.ThreadPoolExecutor.runWorker(ThreadPoolExecutor.java:1149)
at java.util.concurrent.ThreadPoolExecutor$Worker.run(ThreadPoolExecutor.java:624)
at java.lang.Thread.run(Thread.java:748)
... Removed 15 stack frames]]>
    </failure>
  </testcase> <!-- @AfterTest closeBrowser -->
  <testcase name="login_TestCase" time="0.001" classname="com.pack.ParallelTest">
    <failure type="java.lang.NullPointerException">
      <![CDATA[java.lang.NullPointerException
at com.pack.ParallelTest.login_TestCase(ParallelTest.java:57)
at java.util.ArrayList.forEach(ArrayList.java:1257)
at java.util.concurrent.FutureTask.run(FutureTask.java:266)
at java.util.concurrent.ThreadPoolExecutor.runWorker(ThreadPoolExecutor.java:1149)
at java.util.concurrent.ThreadPoolExecutor$Worker.run(ThreadPoolExecutor.java:624)
at java.lang.Thread.run(Thread.java:748)
... Removed 18 stack frames]]>
    </failure>
  </testcase> <!-- login_TestCase -->
  <testcase name="search_TestCase" time="0.002" classname="com.pack.ParallelTest">
    <failure type="java.lang.NullPointerException">
      <![CDATA[java.lang.NullPointerException
at com.pack.ParallelTest.search_TestCase(ParallelTest.java:64)
at java.util.ArrayList.forEach(ArrayList.java:1257)
at java.util.concurrent.FutureTask.run(FutureTask.java:266)
at java.util.concurrent.ThreadPoolExecutor.runWorker(ThreadPoolExecutor.java:1149)
at java.util.concurrent.ThreadPoolExecutor$Worker.run(ThreadPoolExecutor.java:624)
at java.lang.Thread.run(Thread.java:748)
... Removed 18 stack frames]]>
    </failure>
  </testcase> <!-- search_TestCase -->
  <testcase name="login_TestCase" time="5.34" classname="com.pack.ParallelTest"/>
  <testcase name="login_TestCase" time="6.75" classname="com.pack.ParallelTest"/>
  <testcase name="search_TestCase" time="1.618" classname="com.pack.ParallelTest"/>
  <testcase name="search_TestCase" time="1.725" classname="com.pack.ParallelTest"/>
</testsuite> <!-- Firefox Test -->
